2025-10-27 14:43:31,335 - sales_ETL - INFO - Successfully read 9135 rows from Excel.
2025-10-27 14:43:31,335 - sales_ETL - INFO - Successfully transformed 0 records.
2025-10-27 14:43:31,459 - sales_ETL - ERROR - Database connection failed: ('28000', "[28000] [Microsoft][ODBC Driver 17 for SQL Server][SQL Server]Login failed for user 'arhum'. (18456) (SQLDriverConnect); [28000] [Microsoft][ODBC Driver 17 for SQL Server][SQL Server]Login failed for user 'arhum'. (18456)")
2025-10-27 14:47:55,919 - sales_ETL - INFO - Successfully read 9135 rows from Excel.
2025-10-27 14:47:55,920 - sales_ETL - INFO - Successfully transformed 0 records.
2025-10-27 14:47:55,961 - sales_ETL - ERROR - Database connection failed: ('28000', "[28000] [Microsoft][ODBC Driver 17 for SQL Server][SQL Server]Login failed for user 'arhum'. (18456) (SQLDriverConnect); [28000] [Microsoft][ODBC Driver 17 for SQL Server][SQL Server]Login failed for user 'arhum'. (18456)")
2025-10-27 14:57:01,904 - sales_ETL - INFO - Successfully read 9135 rows from Excel.
2025-10-27 14:57:01,904 - sales_ETL - INFO - Successfully transformed 0 records.
2025-10-27 14:57:01,959 - sales_ETL - ERROR - Database connection failed: ('28000', '[28000] [Microsoft][ODBC Driver 17 for SQL Server][SQL Server]Login failed for user \'ARHUM-PC\\Arhum Qaisar\'. (18456) (SQLDriverConnect); [28000] [Microsoft][ODBC Driver 17 for SQL Server][SQL Server]Cannot open database "SalesDB" requested by the login. The login failed. (4060); [28000] [Microsoft][ODBC Driver 17 for SQL Server][SQL Server]Login failed for user \'ARHUM-PC\\Arhum Qaisar\'. (18456); [28000] [Microsoft][ODBC Driver 17 for SQL Server][SQL Server]Cannot open database "SalesDB" requested by the login. The login failed. (4060)')
2025-10-27 15:01:46,258 - sales_ETL - INFO - Successfully read 9135 rows from Excel.
2025-10-27 15:01:46,259 - sales_ETL - INFO - Successfully transformed 0 records.
2025-10-27 15:01:46,259 - sales_ETL - ERROR - Database connection failed: 'ODBC Driver 17 for SQL Server'
2025-10-27 15:04:36,782 - sales_ETL - INFO - Successfully read 9135 rows from Excel.
2025-10-27 15:04:36,783 - sales_ETL - INFO - Successfully transformed 0 records.
2025-10-27 15:04:36,783 - sales_ETL - ERROR - Database connection failed: 'ODBC Driver 17 for SQL Server'
2025-10-27 15:05:17,350 - sales_ETL - INFO - Successfully read 9135 rows from Excel.
2025-10-27 15:05:17,351 - sales_ETL - INFO - Successfully transformed 0 records.
2025-10-27 15:05:17,353 - sales_ETL - ERROR - Database connection failed: ('IM002', '[IM002] [Microsoft][ODBC Driver Manager] Data source name not found and no default driver specified (0) (SQLDriverConnect)')
2025-10-27 15:05:44,304 - sales_ETL - INFO - Successfully read 9135 rows from Excel.
2025-10-27 15:05:44,304 - sales_ETL - INFO - Successfully transformed 0 records.
2025-10-27 15:06:01,619 - sales_ETL - ERROR - Database connection failed: ('08001', '[08001] [Microsoft][ODBC Driver 17 for SQL Server]SQL Server Network Interfaces: Error Locating Server/Instance Specified [xFFFFFFFF].  (-1) (SQLDriverConnect); [08001] [Microsoft][ODBC Driver 17 for SQL Server]Login timeout expired (0); [08001] [Microsoft][ODBC Driver 17 for SQL Server]A network-related or instance-specific error has occurred while establishing a connection to SQL Server. Server is not found or not accessible. Check if instance name is correct and if SQL Server is configured to allow remote connections. For more information see SQL Server Books Online. (-1)')
2025-10-27 15:06:51,503 - sales_ETL - INFO - Successfully read 9135 rows from Excel.
2025-10-27 15:06:51,504 - sales_ETL - INFO - Successfully transformed 0 records.
2025-10-27 15:06:51,553 - sales_ETL - ERROR - Database connection failed: ('28000', '[28000] [Microsoft][ODBC Driver 17 for SQL Server][SQL Server]Login failed for user \'ARHUM-PC\\Arhum Qaisar\'. (18456) (SQLDriverConnect); [28000] [Microsoft][ODBC Driver 17 for SQL Server][SQL Server]Cannot open database "SalesDB" requested by the login. The login failed. (4060); [28000] [Microsoft][ODBC Driver 17 for SQL Server][SQL Server]Login failed for user \'ARHUM-PC\\Arhum Qaisar\'. (18456); [28000] [Microsoft][ODBC Driver 17 for SQL Server][SQL Server]Cannot open database "SalesDB" requested by the login. The login failed. (4060)')
2025-10-27 15:13:39,698 - sales_ETL - INFO - Successfully read 9135 rows from Excel.
2025-10-27 15:13:39,699 - sales_ETL - INFO - Successfully transformed 0 records.
2025-10-27 15:13:39,779 - sales_ETL - INFO - Successfully connected to the database using Windows Authentication.
2025-10-27 15:13:39,797 - sales_ETL - ERROR - Failed to create table: ('42S01', "[42S01] [Microsoft][ODBC Driver 17 for SQL Server][SQL Server]There is already an object named 'Sales' in the database. (2714) (SQLExecDirectW)")
2025-10-27 15:13:39,798 - sales_ETL - INFO - Inserted 0 records into SalesData table.
2025-10-27 15:14:47,534 - sales_ETL - INFO - Successfully read 9135 rows from Excel.
2025-10-27 15:14:47,535 - sales_ETL - INFO - Successfully transformed 0 records.
2025-10-27 15:14:47,592 - sales_ETL - INFO - Successfully connected to the database using Windows Authentication.
2025-10-27 15:14:47,609 - sales_ETL - INFO - SalesData table is ready.
2025-10-27 15:14:47,609 - sales_ETL - INFO - Inserted 0 records into SalesData table.
2025-10-27 15:15:12,860 - sales_ETL - INFO - Successfully read 9135 rows from Excel.
2025-10-27 15:15:12,861 - sales_ETL - INFO - Successfully transformed 0 records.
2025-10-27 15:15:12,915 - sales_ETL - INFO - Successfully connected to the database using Windows Authentication.
2025-10-27 15:15:12,921 - sales_ETL - INFO - SalesData table is ready.
2025-10-27 15:15:12,921 - sales_ETL - INFO - Inserted 0 records into SalesData table.
2025-10-27 15:23:43,910 - sales_ETL - INFO - Successfully read 9135 rows from Excel.
2025-10-27 15:23:43,915 - sales_ETL - INFO - Successfully transformed 9135 records.
2025-10-27 15:23:43,996 - sales_ETL - INFO - Successfully connected to the database using Windows Authentication.
2025-10-27 15:23:44,006 - sales_ETL - INFO - SalesData table is ready.
2025-10-27 15:23:45,129 - sales_ETL - INFO - Inserted 9135 records into SalesData table.
